 
New instance of bashtop version: 0.9.25 Pid: 77215
 
New instance of bashtop version: 0.9.25 Pid: 37732
 
New instance of bashtop version: 0.9.25 Pid: 138903
 
New instance of bashtop version: 0.9.25 Pid: 107168
 
New instance of bashtop version: 0.9.25 Pid: 474401
 
New instance of bashtop version: 0.9.25 Pid: 531589
 
New instance of bashtop version: 0.9.25 Pid: 607399
 
New instance of bashtop version: 0.9.25 Pid: 142743
 
New instance of bashtop version: 0.9.25 Pid: 150753
 
New instance of bashtop version: 0.9.25 Pid: 293052
 
New instance of bashtop version: 0.9.25 Pid: 1532624
 
New instance of bashtop version: 0.9.25 Pid: 1541245
 
New instance of bashtop version: 0.9.25 Pid: 1543075
 
New instance of bashtop version: 0.9.25 Pid: 1808219
 
New instance of bashtop version: 0.9.25 Pid: 1884980
 
New instance of bashtop version: 0.9.25 Pid: 1097084
 
New instance of bashtop version: 0.9.25 Pid: 491554
 
New instance of bashtop version: 0.9.25 Pid: 1062698
 
New instance of bashtop version: 0.9.25 Pid: 1070245
 
New instance of bashtop version: 0.9.25 Pid: 584677
 
New instance of bashtop version: 0.9.25 Pid: 622840
 
New instance of bashtop version: 0.9.25 Pid: 295543
/usr/bin/bashtop: line 3405: pid_Pid:_graph: invalid variable name
 
New instance of bashtop version: 0.9.25 Pid: 295983
 
New instance of bashtop version: 0.9.25 Pid: 298234
 
New instance of bashtop version: 0.9.25 Pid: 298848
 
New instance of bashtop version: 0.9.25 Pid: 2521793
 
New instance of bashtop version: 0.9.25 Pid: 2658531
 
New instance of bashtop version: 0.9.25 Pid: 2809491
 
New instance of bashtop version: 0.9.25 Pid: 147054
 
New instance of bashtop version: 0.9.25 Pid: 412258
 
New instance of bashtop version: 0.9.25 Pid: 413895
 
New instance of bashtop version: 0.9.25 Pid: 83762
 
New instance of bashtop version: 0.9.25 Pid: 97588
 
New instance of bashtop version: 0.9.25 Pid: 273559
 
New instance of bashtop version: 0.9.25 Pid: 405627
 
New instance of bashtop version: 0.9.25 Pid: 461667
 
New instance of bashtop version: 0.9.25 Pid: 609997
 
New instance of bashtop version: 0.9.25 Pid: 713518
 
New instance of bashtop version: 0.9.25 Pid: 9847
 
New instance of bashtop version: 0.9.25 Pid: 31098
 
New instance of bashtop version: 0.9.25 Pid: 2204
 
New instance of bashtop version: 0.9.25 Pid: 4110
 
New instance of bashtop version: 0.9.25 Pid: 4316
 
New instance of bashtop version: 0.9.25 Pid: 1046308
 
New instance of bashtop version: 0.9.25 Pid: 754073
 
New instance of bashtop version: 0.9.25 Pid: 37117
 
New instance of bashtop version: 0.9.25 Pid: 467318
 
New instance of bashtop version: 0.9.25 Pid: 55386
 
New instance of bashtop version: 0.9.25 Pid: 241480
 
New instance of bashtop version: 0.9.25 Pid: 307143
 
New instance of bashtop version: 0.9.25 Pid: 335203
 
New instance of bashtop version: 0.9.25 Pid: 2211333
 
New instance of bashtop version: 0.9.25 Pid: 23551
/usr/bin/bashtop: line 1337: ((: Pid: Program:       Arguments:Threads: User:    Mem%       Cpu%: syntax error in expression (error token is ": Program:       Arguments:Threads: User:    Mem%       Cpu%")
/usr/bin/bashtop: line 1347: ((: Pid: Program:       Arguments:Threads: User:    Mem%       Cpu%: syntax error in expression (error token is ": Program:       Arguments:Threads: User:    Mem%       Cpu%")
/usr/bin/bashtop: line 1353: ((: Pid: Program:       Arguments:Threads: User:    Mem%       Cpu%: syntax error in expression (error token is ": Program:       Arguments:Threads: User:    Mem%       Cpu%")
/usr/bin/bashtop: line 1334: ((: Pid: Program:       Arguments:Threads: User:    Mem%       Cpu%: syntax error in expression (error token is ": Program:       Arguments:Threads: User:    Mem%       Cpu%")
/usr/bin/bashtop: line 1353: ((: Pid: Program:       Arguments:Threads: User:    Mem%       Cpu%: syntax error in expression (error token is ": Program:       Arguments:Threads: User:    Mem%       Cpu%")
/usr/bin/bashtop: line 1334: ((: Pid: Program:       Arguments:Threads: User:    Mem%       Cpu%: syntax error in expression (error token is ": Program:       Arguments:Threads: User:    Mem%       Cpu%")
/usr/bin/bashtop: line 3037: Pid: Program:       Arguments:Threads: User:    Mem%       Cpu%: syntax error in expression (error token is ": Program:       Arguments:Threads: User:    Mem%       Cpu%")
 
New instance of bashtop version: 0.9.25 Pid: 39798
 
New instance of bashtop version: 0.9.25 Pid: 43240
 
New instance of bashtop version: 0.9.25 Pid: 1862097
 
New instance of bashtop version: 0.9.25 Pid: 1932545
 
New instance of bashtop version: 0.9.25 Pid: 1033340
 
New instance of bashtop version: 0.9.25 Pid: 330537
 
New instance of bashtop version: 0.9.25 Pid: 205938
 
New instance of bashtop version: 0.9.25 Pid: 426672
 
New instance of bashtop version: 0.9.25 Pid: 428716
 
New instance of bashtop version: 0.9.25 Pid: 697235
 
New instance of bashtop version: 0.9.25 Pid: 313768
 
New instance of bashtop version: 0.9.25 Pid: 60748
 
New instance of bashtop version: 0.9.25 Pid: 73453
 
New instance of bashtop version: 0.9.25 Pid: 18714
 
New instance of bashtop version: 0.9.25 Pid: 56441
/usr/bin/bashtop: line 3405: pid_Pid:_graph: invalid variable name
 
New instance of bashtop version: 0.9.25 Pid: 57276
/usr/bin/bashtop: line 3405: pid_Pid:_graph: invalid variable name
 
New instance of bashtop version: 0.9.25 Pid: 58033
 
New instance of bashtop version: 0.9.25 Pid: 59768
 
New instance of bashtop version: 0.9.25 Pid: 60489
 
New instance of bashtop version: 0.9.25 Pid: 63826
 
New instance of bashtop version: 0.9.25 Pid: 65312
 
New instance of bashtop version: 0.9.25 Pid: 67090
 
New instance of bashtop version: 0.9.25 Pid: 2261
/usr/bin/bashtop: line 3405: pid_Pid:_graph: invalid variable name
 
New instance of bashtop version: 0.9.25 Pid: 26980
 
New instance of bashtop version: 0.9.25 Pid: 51616
 
New instance of bashtop version: 0.9.25 Pid: 6643
 
New instance of bashtop version: 0.9.25 Pid: 12663
 
New instance of bashtop version: 0.9.25 Pid: 9370
 
New instance of bashtop version: 0.9.25 Pid: 196026
 
New instance of bashtop version: 0.9.25 Pid: 206650
 
New instance of bashtop version: 0.9.25 Pid: 211096
 
New instance of bashtop version: 0.9.25 Pid: 65268
 
New instance of bashtop version: 0.9.25 Pid: 306082
 
New instance of bashtop version: 0.9.25 Pid: 308785
 
New instance of bashtop version: 0.9.25 Pid: 160802
/usr/bin/bashtop: line 1337: ((: Pid: Program:         Tr: User:    Mem%       Cpu%: syntax error in expression (error token is ": Program:         Tr: User:    Mem%       Cpu%")
/usr/bin/bashtop: line 1347: ((: Pid: Program:         Tr: User:    Mem%       Cpu%: syntax error in expression (error token is ": Program:         Tr: User:    Mem%       Cpu%")
/usr/bin/bashtop: line 1353: ((: Pid: Program:         Tr: User:    Mem%       Cpu%: syntax error in expression (error token is ": Program:         Tr: User:    Mem%       Cpu%")
/usr/bin/bashtop: line 1334: ((: Pid: Program:         Tr: User:    Mem%       Cpu%: syntax error in expression (error token is ": Program:         Tr: User:    Mem%       Cpu%")
/usr/bin/bashtop: line 1347: ((: Pid: Program:         Tr: User:    Mem%       Cpu%: syntax error in expression (error token is ": Program:         Tr: User:    Mem%       Cpu%")
/usr/bin/bashtop: line 1353: ((: Pid: Program:         Tr: User:    Mem%       Cpu%: syntax error in expression (error token is ": Program:         Tr: User:    Mem%       Cpu%")
/usr/bin/bashtop: line 1334: ((: Pid: Program:         Tr: User:    Mem%       Cpu%: syntax error in expression (error token is ": Program:         Tr: User:    Mem%       Cpu%")
/usr/bin/bashtop: line 3037: Pid: Program:         Tr: User:    Mem%       Cpu%: syntax error in expression (error token is ": Program:         Tr: User:    Mem%       Cpu%")
